{"level":"info","message":"{\"method\":\"POST\",\"url\":\"/api/v1/auth/register-user\",\"status\":\"400\",\"responseTime\":\"67.228\"}","timestamp":"2025-11-26T11:19:18.414Z"}
{"level":"info","message":"{\"method\":\"POST\",\"url\":\"/api/v1/auth/register-user\",\"status\":\"400\",\"responseTime\":\"4.211\"}","timestamp":"2025-11-26T11:19:21.612Z"}
{"level":"info","message":"{\"method\":\"POST\",\"url\":\"/api/v1/auth/register-user\",\"status\":\"400\",\"responseTime\":\"3.706\"}","timestamp":"2025-11-26T11:19:49.718Z"}
{"level":"info","message":"{\"method\":\"POST\",\"url\":\"/api/v1/auth/login-user\",\"status\":\"500\",\"responseTime\":\"7.243\"}","timestamp":"2025-11-26T11:20:04.583Z"}
{"level":"info","message":"{\"method\":\"POST\",\"url\":\"/api/v1/auth/login-user\",\"status\":\"500\",\"responseTime\":\"2.314\"}","timestamp":"2025-11-26T11:20:09.921Z"}
{"level":"info","message":"{\"method\":\"POST\",\"url\":\"/api/v1/auth/login-user\",\"status\":\"500\",\"responseTime\":\"3.858\"}","timestamp":"2025-11-26T11:20:18.357Z"}
{"level":"info","message":"{\"method\":\"POST\",\"url\":\"/api/v1/auth/login-user\",\"status\":\"500\",\"responseTime\":\"9.623\"}","timestamp":"2025-11-26T11:21:06.614Z"}
{"level":"info","message":"{\"method\":\"POST\",\"url\":\"/api/v1/auth/login-user\",\"status\":\"500\",\"responseTime\":\"8.848\"}","timestamp":"2025-11-26T11:21:30.512Z"}
{"level":"info","message":"{\"method\":\"POST\",\"url\":\"/api/v1/auth/login-user\",\"status\":\"500\",\"responseTime\":\"9.663\"}","timestamp":"2025-11-26T11:22:50.659Z"}
{"level":"info","message":"{\"method\":\"POST\",\"url\":\"/api/v1/auth/login-user\",\"status\":\"500\",\"responseTime\":\"10.181\"}","timestamp":"2025-11-26T11:22:58.473Z"}
{"level":"info","message":"{\"method\":\"POST\",\"url\":\"/api/v1/auth/login-user\",\"status\":\"500\",\"responseTime\":\"8.762\"}","timestamp":"2025-11-26T11:23:22.319Z"}
{"level":"info","message":"{\"method\":\"POST\",\"url\":\"/api/v1/auth/login-user\",\"status\":\"200\",\"responseTime\":\"80.499\"}","timestamp":"2025-11-26T11:24:42.601Z"}
{"level":"info","message":"{\"method\":\"POST\",\"url\":\"/api/v1/auth/login-user\",\"status\":\"200\",\"responseTime\":\"96.033\"}","timestamp":"2025-11-26T11:25:15.576Z"}
{"level":"info","message":"{\"method\":\"POST\",\"url\":\"/api/v1/auth/login-user\",\"status\":\"200\",\"responseTime\":\"66.258\"}","timestamp":"2025-11-26T11:25:29.397Z"}
{"level":"info","message":"{\"method\":\"POST\",\"url\":\"/api/v1/auth/login-user\",\"status\":\"200\",\"responseTime\":\"68.845\"}","timestamp":"2025-11-26T11:26:09.513Z"}
{"level":"info","message":"{\"method\":\"GET\",\"url\":\"/api/v1/auth/refreish-token\",\"status\":\"404\",\"responseTime\":\"2.863\"}","timestamp":"2025-11-26T11:34:28.484Z"}
{"level":"info","message":"{\"method\":\"GET\",\"url\":\"/api/v1/auth/refresh-token\",\"status\":\"400\",\"responseTime\":\"3.880\"}","timestamp":"2025-11-26T11:34:43.727Z"}
{"level":"info","message":"{\"method\":\"GET\",\"url\":\"/api/v1/auth/refresh-token\",\"status\":\"400\",\"responseTime\":\"3.774\"}","timestamp":"2025-11-26T11:35:09.572Z"}
{"level":"info","message":"{\"method\":\"GET\",\"url\":\"/api/v1/auth/refresh-token\",\"status\":\"200\",\"responseTime\":\"46.632\"}","timestamp":"2025-11-26T11:35:19.999Z"}
{"level":"info","message":"{\"method\":\"GET\",\"url\":\"/api/v1/auth/refresh-token\",\"status\":\"200\",\"responseTime\":\"3.415\"}","timestamp":"2025-11-26T11:35:28.060Z"}
{"level":"info","message":"{\"method\":\"POST\",\"url\":\"/api/v1/student/\",\"status\":\"401\",\"responseTime\":\"2.417\"}","timestamp":"2025-11-26T11:37:55.347Z"}
{"level":"info","message":"{\"method\":\"POST\",\"url\":\"/api/v1/auth/login-user\",\"status\":\"200\",\"responseTime\":\"82.293\"}","timestamp":"2025-11-26T11:38:08.326Z"}
{"level":"info","message":"{\"method\":\"POST\",\"url\":\"/api/v1/student/\",\"status\":\"401\",\"responseTime\":\"0.378\"}","timestamp":"2025-11-26T11:38:13.105Z"}
{"level":"info","message":"{\"method\":\"POST\",\"url\":\"/api/v1/student/\",\"status\":\"401\",\"responseTime\":\"2.186\"}","timestamp":"2025-11-26T11:38:31.711Z"}
{"level":"info","message":"{\"method\":\"POST\",\"url\":\"/api/v1/student\",\"status\":\"403\",\"responseTime\":\"26.875\"}","timestamp":"2025-11-26T11:40:55.832Z"}
{"level":"info","message":"{\"method\":\"POST\",\"url\":\"/api/v1/student\",\"status\":\"-\",\"responseTime\":\"-\"}","timestamp":"2025-11-26T11:42:24.096Z"}
{"level":"info","message":"{\"method\":\"POST\",\"url\":\"/api/v1/student\",\"status\":\"500\",\"responseTime\":\"143.231\"}","timestamp":"2025-11-26T11:44:01.235Z"}
{"level":"info","message":"{\"method\":\"GET\",\"url\":\"/\",\"status\":\"404\",\"responseTime\":\"4.998\"}","timestamp":"2025-11-26T11:47:48.531Z"}
{"level":"info","message":"{\"method\":\"GET\",\"url\":\"/api/v1/auth/refresh-token\",\"status\":\"200\",\"responseTime\":\"11.835\"}","timestamp":"2025-11-26T11:51:19.773Z"}
{"level":"info","message":"{\"method\":\"GET\",\"url\":\"/api/v1/auth/refresh-token\",\"status\":\"200\",\"responseTime\":\"13.749\"}","timestamp":"2025-11-26T11:52:22.721Z"}
{"level":"info","message":"{\"method\":\"POST\",\"url\":\"/api/v1/student\",\"status\":\"500\",\"responseTime\":\"99.102\"}","timestamp":"2025-11-26T11:52:30.006Z"}
{"level":"info","message":"{\"method\":\"POST\",\"url\":\"/api/v1/student\",\"status\":\"500\",\"responseTime\":\"95.901\"}","timestamp":"2025-11-26T11:53:14.737Z"}
{"level":"info","message":"{\"method\":\"POST\",\"url\":\"/api/v1/student\",\"status\":\"500\",\"responseTime\":\"10.957\"}","timestamp":"2025-11-26T11:54:09.388Z"}
{"level":"info","message":"{\"method\":\"POST\",\"url\":\"/api/v1/student\",\"status\":\"500\",\"responseTime\":\"89.117\"}","timestamp":"2025-11-26T11:55:18.369Z"}
{"level":"info","message":"{\"method\":\"POST\",\"url\":\"/api/v1/student\",\"status\":\"500\",\"responseTime\":\"12.345\"}","timestamp":"2025-11-26T11:56:03.700Z"}
{"level":"info","message":"{\"method\":\"POST\",\"url\":\"/api/v1/student\",\"status\":\"500\",\"responseTime\":\"14.613\"}","timestamp":"2025-11-26T11:56:25.772Z"}
{"level":"info","message":"{\"method\":\"POST\",\"url\":\"/api/v1/student\",\"status\":\"500\",\"responseTime\":\"97.195\"}","timestamp":"2025-11-26T11:56:55.345Z"}
{"level":"info","message":"{\"method\":\"POST\",\"url\":\"/api/v1/student\",\"status\":\"500\",\"responseTime\":\"99.990\"}","timestamp":"2025-11-26T11:57:31.473Z"}
{"level":"info","message":"{\"method\":\"POST\",\"url\":\"/api/v1/student\",\"status\":\"500\",\"responseTime\":\"105.011\"}","timestamp":"2025-11-26T11:57:36.047Z"}
{"level":"info","message":"{\"method\":\"POST\",\"url\":\"/api/v1/student\",\"status\":\"500\",\"responseTime\":\"89.198\"}","timestamp":"2025-11-26T11:58:28.184Z"}
{"level":"info","message":"{\"method\":\"POST\",\"url\":\"/api/v1/student\",\"status\":\"500\",\"responseTime\":\"104.119\"}","timestamp":"2025-11-26T11:59:29.459Z"}
{"level":"info","message":"{\"method\":\"POST\",\"url\":\"/api/v1/student\",\"status\":\"500\",\"responseTime\":\"104.409\"}","timestamp":"2025-11-26T11:59:58.952Z"}
{"level":"info","message":"{\"method\":\"POST\",\"url\":\"/api/v1/student\",\"status\":\"500\",\"responseTime\":\"87.267\"}","timestamp":"2025-11-26T12:00:21.867Z"}
{"level":"info","message":"{\"method\":\"POST\",\"url\":\"/api/v1/student\",\"status\":\"500\",\"responseTime\":\"95.371\"}","timestamp":"2025-11-26T12:00:27.282Z"}
{"level":"info","message":"{\"method\":\"POST\",\"url\":\"/api/v1/student\",\"status\":\"500\",\"responseTime\":\"115.200\"}","timestamp":"2025-11-26T12:01:00.789Z"}
{"level":"info","message":"{\"method\":\"POST\",\"url\":\"/api/v1/student\",\"status\":\"500\",\"responseTime\":\"101.632\"}","timestamp":"2025-11-26T12:01:28.574Z"}
{"level":"info","message":"{\"method\":\"POST\",\"url\":\"/api/v1/student\",\"status\":\"500\",\"responseTime\":\"96.582\"}","timestamp":"2025-11-26T12:02:58.861Z"}
{"level":"info","message":"{\"method\":\"POST\",\"url\":\"/api/v1/student\",\"status\":\"400\",\"responseTime\":\"13.949\"}","timestamp":"2025-11-26T12:04:14.393Z"}
{"level":"info","message":"{\"method\":\"POST\",\"url\":\"/api/v1/student\",\"status\":\"500\",\"responseTime\":\"123.546\"}","timestamp":"2025-11-26T12:04:18.368Z"}
{"level":"info","message":"{\"method\":\"POST\",\"url\":\"/api/v1/student\",\"status\":\"400\",\"responseTime\":\"3.277\"}","timestamp":"2025-11-26T12:04:26.232Z"}
{"level":"info","message":"{\"method\":\"POST\",\"url\":\"/api/v1/student\",\"status\":\"500\",\"responseTime\":\"4.396\"}","timestamp":"2025-11-26T12:04:30.747Z"}
{"level":"info","message":"{\"method\":\"POST\",\"url\":\"/api/v1/student\",\"status\":\"500\",\"responseTime\":\"7.391\"}","timestamp":"2025-11-26T12:04:33.422Z"}
{"level":"info","message":"{\"method\":\"POST\",\"url\":\"/api/v1/student\",\"status\":\"500\",\"responseTime\":\"7.141\"}","timestamp":"2025-11-26T12:04:35.322Z"}
{"level":"info","message":"{\"method\":\"POST\",\"url\":\"/api/v1/student\",\"status\":\"401\",\"responseTime\":\"2.210\"}","timestamp":"2025-11-26T12:08:17.967Z"}
{"level":"info","message":"{\"method\":\"GET\",\"url\":\"/api/v1/auth/refresh-token\",\"status\":\"200\",\"responseTime\":\"10.349\"}","timestamp":"2025-11-26T12:08:24.299Z"}
{"level":"info","message":"{\"method\":\"POST\",\"url\":\"/api/v1/student\",\"status\":\"500\",\"responseTime\":\"92.360\"}","timestamp":"2025-11-26T12:08:27.411Z"}
{"level":"info","message":"{\"method\":\"POST\",\"url\":\"/api/v1/student\",\"status\":\"500\",\"responseTime\":\"7.725\"}","timestamp":"2025-11-26T12:08:35.057Z"}
{"level":"info","message":"{\"method\":\"POST\",\"url\":\"/api/v1/student\",\"status\":\"500\",\"responseTime\":\"91.364\"}","timestamp":"2025-11-26T12:09:07.246Z"}
