{"level":"info","message":"{\"method\":\"POST\",\"url\":\"/api/v1/student\",\"status\":\"401\",\"responseTime\":\"3.741\"}","timestamp":"2025-11-26T13:38:40.382Z"}
{"level":"info","message":"{\"method\":\"POST\",\"url\":\"/api/v1/auth/login-user\",\"status\":\"500\",\"responseTime\":\"229.530\"}","timestamp":"2025-11-26T13:38:49.754Z"}
{"level":"info","message":"{\"method\":\"POST\",\"url\":\"/api/v1/auth/login-user\",\"status\":\"500\",\"responseTime\":\"166.485\"}","timestamp":"2025-11-26T13:39:31.863Z"}
{"level":"info","message":"{\"method\":\"POST\",\"url\":\"/api/v1/auth/register-user\",\"status\":\"201\",\"responseTime\":\"170.333\"}","timestamp":"2025-11-26T13:39:37.937Z"}
{"level":"info","message":"{\"method\":\"POST\",\"url\":\"/api/v1/auth/login-user\",\"status\":\"500\",\"responseTime\":\"4.807\"}","timestamp":"2025-11-26T13:39:41.680Z"}
{"level":"info","message":"{\"method\":\"POST\",\"url\":\"/api/v1/auth/login-user\",\"status\":\"500\",\"responseTime\":\"21.300\"}","timestamp":"2025-11-26T13:46:39.356Z"}
{"level":"info","message":"{\"method\":\"POST\",\"url\":\"/api/v1/auth/register-user\",\"status\":\"400\",\"responseTime\":\"10.715\"}","timestamp":"2025-11-26T13:46:44.115Z"}
{"level":"info","message":"{\"method\":\"POST\",\"url\":\"/api/v1/auth/login-user\",\"status\":\"200\",\"responseTime\":\"66.567\"}","timestamp":"2025-11-26T13:47:12.844Z"}
{"level":"info","message":"{\"method\":\"POST\",\"url\":\"/api/v1/auth/login-user\",\"status\":\"200\",\"responseTime\":\"61.734\"}","timestamp":"2025-11-26T13:47:18.329Z"}
{"level":"info","message":"{\"method\":\"POST\",\"url\":\"/api/v1/auth/login-user\",\"status\":\"200\",\"responseTime\":\"62.363\"}","timestamp":"2025-11-26T13:47:45.751Z"}
{"level":"info","message":"{\"method\":\"GET\",\"url\":\"/api/v1/auth/refresh-token\",\"status\":\"200\",\"responseTime\":\"5.712\"}","timestamp":"2025-11-26T13:47:51.093Z"}
{"level":"info","message":"{\"method\":\"POST\",\"url\":\"/api/v1/student\",\"status\":\"403\",\"responseTime\":\"4.770\"}","timestamp":"2025-11-26T13:47:57.102Z"}
{"level":"info","message":"{\"method\":\"POST\",\"url\":\"/api/v1/student\",\"status\":\"500\",\"responseTime\":\"30.622\"}","timestamp":"2025-11-26T13:50:30.849Z"}
{"level":"info","message":"{\"method\":\"POST\",\"url\":\"/api/v1/auth/register-user\",\"status\":\"400\",\"responseTime\":\"20.082\"}","timestamp":"2025-11-26T13:50:54.680Z"}
{"level":"info","message":"{\"method\":\"POST\",\"url\":\"/api/v1/auth/register-user\",\"status\":\"400\",\"responseTime\":\"4.740\"}","timestamp":"2025-11-26T13:50:56.810Z"}
{"level":"info","message":"{\"method\":\"POST\",\"url\":\"/api/v1/auth/register-user\",\"status\":\"400\",\"responseTime\":\"26.834\"}","timestamp":"2025-11-26T13:51:10.909Z"}
{"level":"info","message":"{\"method\":\"POST\",\"url\":\"/api/v1/auth/register-user\",\"status\":\"400\",\"responseTime\":\"4.609\"}","timestamp":"2025-11-26T13:51:12.148Z"}
{"level":"info","message":"{\"method\":\"POST\",\"url\":\"/api/v1/auth/register-user\",\"status\":\"201\",\"responseTime\":\"83.099\"}","timestamp":"2025-11-26T13:52:05.175Z"}
{"level":"info","message":"{\"method\":\"POST\",\"url\":\"/api/v1/student\",\"status\":\"404\",\"responseTime\":\"6.475\"}","timestamp":"2025-11-26T13:52:23.668Z"}
{"level":"info","message":"{\"method\":\"POST\",\"url\":\"/api/v1/auth/login-user\",\"status\":\"200\",\"responseTime\":\"63.624\"}","timestamp":"2025-11-26T13:52:30.544Z"}
{"level":"info","message":"{\"method\":\"POST\",\"url\":\"/api/v1/student\",\"status\":\"403\",\"responseTime\":\"4.394\"}","timestamp":"2025-11-26T13:52:35.407Z"}
{"level":"info","message":"{\"method\":\"POST\",\"url\":\"/api/v1/student\",\"status\":\"403\",\"responseTime\":\"4.495\"}","timestamp":"2025-11-26T13:52:58.744Z"}
{"level":"info","message":"{\"method\":\"POST\",\"url\":\"/api/v1/student\",\"status\":\"201\",\"responseTime\":\"33.137\"}","timestamp":"2025-11-26T13:53:07.744Z"}
{"level":"info","message":"{\"method\":\"GET\",\"url\":\"/api/v1/student/6c6a74b5-8e58-4b4d-ac2d-7ac8bba57bd6\",\"status\":\"500\",\"responseTime\":\"7.469\"}","timestamp":"2025-11-26T13:53:57.234Z"}
{"level":"info","message":"{\"method\":\"GET\",\"url\":\"/api/v1/student/32ebced6-a5cf-44bc-8079-a33548ea2e50\",\"status\":\"200\",\"responseTime\":\"7.932\"}","timestamp":"2025-11-26T13:54:32.412Z"}
{"level":"info","message":"{\"method\":\"PUT\",\"url\":\"/api/v1/student/32ebced6-a5cf-44bc-8079-a33548ea2e50\",\"status\":\"200\",\"responseTime\":\"136.778\"}","timestamp":"2025-11-26T14:03:39.750Z"}
{"level":"info","message":"{\"method\":\"PUT\",\"url\":\"/api/v1/student/32ebced6-a5cf-44bc-8079-a33548ea2e50\",\"status\":\"200\",\"responseTime\":\"34.528\"}","timestamp":"2025-11-26T14:04:56.898Z"}
